<?xml version="1.0" encoding="UTF-8"?>
<!-- Generated by org.testng.reporters.JUnitXMLReporter -->
<testsuite ignored="3" hostname="Naeem" failures="0" tests="1" name="LoginWithValidUsernameValidPassword" time="40.934" errors="0" timestamp="2024-07-22T21:40:16 PKT">
  <testcase classname="Automation.test.LoginPage" name="LoginWithValidUsernameValidPassword" time="2.875"/>
  <testcase classname="Automation.test.LoginPage" name="LoginWithInvalidUsernamevalidPassword" time="0.0">
    <ignored/>
  </testcase> <!-- LoginWithInvalidUsernamevalidPassword -->
  <testcase classname="Automation.test.LoginPage" name="LoginWithInvalidUsernameInvalidPassword" time="0.0">
    <ignored/>
  </testcase> <!-- LoginWithInvalidUsernameInvalidPassword -->
  <testcase classname="Automation.test.LoginPage" name="LoginWithvalidUsernameInvalidPassword" time="0.0">
    <ignored/>
  </testcase> <!-- LoginWithvalidUsernameInvalidPassword -->
</testsuite> <!-- LoginWithValidUsernameValidPassword -->
