<?xml version="1.0" encoding="UTF-8"?>
<!-- Generated by org.testng.reporters.JUnitXMLReporter -->
<testsuite ignored="3" hostname="Naeem" failures="0" tests="1" name="LoginWithInvalidUsernameInvalidPassword" time="21.552" errors="0" timestamp="2024-07-22T21:40:37 PKT">
  <testcase classname="Automation.test.LoginPage" name="LoginWithInvalidUsernameInvalidPassword" time="2.06"/>
  <testcase classname="Automation.test.LoginPage" name="LoginWithvalidUsernameInvalidPassword" time="0.0">
    <ignored/>
  </testcase> <!-- LoginWithvalidUsernameInvalidPassword -->
  <testcase classname="Automation.test.LoginPage" name="LoginWithInvalidUsernamevalidPassword" time="0.0">
    <ignored/>
  </testcase> <!-- LoginWithInvalidUsernamevalidPassword -->
  <testcase classname="Automation.test.LoginPage" name="LoginWithValidUsernameValidPassword" time="0.0">
    <ignored/>
  </testcase> <!-- LoginWithValidUsernameValidPassword -->
</testsuite> <!-- LoginWithInvalidUsernameInvalidPassword -->
