<?xml version="1.0" encoding="UTF-8"?>
<!-- Generated by org.testng.reporters.JUnitXMLReporter -->
<testsuite ignored="1" hostname="Naeem" failures="0" tests="1" name="LoginWithValidUsernameValidPassword" time="35.684" errors="0" timestamp="2024-07-22T21:23:08 PKT">
  <testcase classname="Automation.test.LoginPage" name="LoginWithValidUsernameValidPassword" time="2.758"/>
  <testcase classname="Automation.test.LoginPage" name="LoginWithInvalidUsernameInvalidPassword" time="0.0">
    <ignored/>
  </testcase> <!-- LoginWithInvalidUsernameInvalidPassword -->
</testsuite> <!-- LoginWithValidUsernameValidPassword -->
