<?xml version="1.0" encoding="UTF-8"?>
<testng-results ignored="0" total="2" passed="2" failed="0" skipped="0">
  <reporter-output>
  </reporter-output>
  <suite started-at="2024-07-22T21:22:32 PKT" name="Login Test Cases" finished-at="2024-07-22T21:23:43 PKT" duration-ms="71345">
    <groups>
    </groups>
    <test started-at="2024-07-22T21:22:32 PKT" name="LoginWithValidUsernameValidPassword" finished-at="2024-07-22T21:23:07 PKT" duration-ms="35684">
      <class name="Automation.test.LoginPage">
        <test-method is-config="true" signature="setUp()[pri:0, instance:Automation.test.LoginPage@61001b64]" started-at="2024-07-22T21:22:32 PKT" name="setUp" finished-at="2024-07-22T21:23:04 PKT" duration-ms="32202" status="PASS">
          <reporter-output>
          </reporter-output>
        </test-method> <!-- setUp -->
        <test-method signature="LoginWithValidUsernameValidPassword()[pri:1, instance:Automation.test.LoginPage@61001b64]" started-at="2024-07-22T21:23:04 PKT" name="LoginWithValidUsernameValidPassword" finished-at="2024-07-22T21:23:07 PKT" duration-ms="2758" status="PASS">
          <reporter-output>
          </reporter-output>
        </test-method> <!-- LoginWithValidUsernameValidPassword -->
        <test-method is-config="true" signature="CleanUp()[pri:0, instance:Automation.test.LoginPage@61001b64]" started-at="2024-07-22T21:23:07 PKT" name="CleanUp" finished-at="2024-07-22T21:23:07 PKT" duration-ms="493" status="PASS">
          <reporter-output>
          </reporter-output>
        </test-method> <!-- CleanUp -->
      </class> <!-- Automation.test.LoginPage -->
    </test> <!-- LoginWithValidUsernameValidPassword -->
    <test started-at="2024-07-22T21:23:08 PKT" name="LoginWithInvalidUsernameInvalidPassword" finished-at="2024-07-22T21:23:43 PKT" duration-ms="35282">
      <class name="Automation.test.LoginPage">
        <test-method is-config="true" signature="setUp()[pri:0, instance:Automation.test.LoginPage@45099dd3]" started-at="2024-07-22T21:23:08 PKT" name="setUp" finished-at="2024-07-22T21:23:37 PKT" duration-ms="29177" status="PASS">
          <reporter-output>
          </reporter-output>
        </test-method> <!-- setUp -->
        <test-method signature="LoginWithInvalidUsernameInvalidPassword()[pri:2, instance:Automation.test.LoginPage@45099dd3]" started-at="2024-07-22T21:23:37 PKT" name="LoginWithInvalidUsernameInvalidPassword" finished-at="2024-07-22T21:23:41 PKT" duration-ms="4277" status="PASS">
          <reporter-output>
          </reporter-output>
        </test-method> <!-- LoginWithInvalidUsernameInvalidPassword -->
        <test-method is-config="true" signature="CleanUp()[pri:0, instance:Automation.test.LoginPage@45099dd3]" started-at="2024-07-22T21:23:41 PKT" name="CleanUp" finished-at="2024-07-22T21:23:43 PKT" duration-ms="1814" status="PASS">
          <reporter-output>
          </reporter-output>
        </test-method> <!-- CleanUp -->
      </class> <!-- Automation.test.LoginPage -->
    </test> <!-- LoginWithInvalidUsernameInvalidPassword -->
  </suite> <!-- Login Test Cases -->
</testng-results>
