<?xml version="1.0" encoding="UTF-8"?>
<testng-results ignored="0" total="4" passed="4" failed="0" skipped="0">
  <reporter-output>
  </reporter-output>
  <suite started-at="2024-07-22T21:39:35 PKT" name="Login Test Cases" finished-at="2024-07-22T21:41:11 PKT" duration-ms="96489">
    <groups>
    </groups>
    <test started-at="2024-07-22T21:39:35 PKT" name="LoginWithValidUsernameValidPassword" finished-at="2024-07-22T21:40:16 PKT" duration-ms="40934">
      <class name="Automation.test.LoginPage">
        <test-method is-config="true" signature="setUp()[pri:0, instance:Automation.test.LoginPage@82de64a]" started-at="2024-07-22T21:39:35 PKT" name="setUp" finished-at="2024-07-22T21:40:10 PKT" duration-ms="35162" status="PASS">
          <reporter-output>
          </reporter-output>
        </test-method> <!-- setUp -->
        <test-method signature="LoginWithValidUsernameValidPassword()[pri:1, instance:Automation.test.LoginPage@82de64a]" started-at="2024-07-22T21:40:10 PKT" name="LoginWithValidUsernameValidPassword" finished-at="2024-07-22T21:40:13 PKT" duration-ms="2875" status="PASS">
          <reporter-output>
          </reporter-output>
        </test-method> <!-- LoginWithValidUsernameValidPassword -->
        <test-method is-config="true" signature="CleanUp()[pri:0, instance:Automation.test.LoginPage@82de64a]" started-at="2024-07-22T21:40:13 PKT" name="CleanUp" finished-at="2024-07-22T21:40:16 PKT" duration-ms="2545" status="PASS">
          <reporter-output>
          </reporter-output>
        </test-method> <!-- CleanUp -->
      </class> <!-- Automation.test.LoginPage -->
    </test> <!-- LoginWithValidUsernameValidPassword -->
    <test started-at="2024-07-22T21:40:16 PKT" name="LoginWithInvalidUsernameInvalidPassword" finished-at="2024-07-22T21:40:37 PKT" duration-ms="21552">
      <class name="Automation.test.LoginPage">
        <test-method is-config="true" signature="setUp()[pri:0, instance:Automation.test.LoginPage@f09733f]" started-at="2024-07-22T21:40:16 PKT" name="setUp" finished-at="2024-07-22T21:40:33 PKT" duration-ms="17225" status="PASS">
          <reporter-output>
          </reporter-output>
        </test-method> <!-- setUp -->
        <test-method signature="LoginWithInvalidUsernameInvalidPassword()[pri:2, instance:Automation.test.LoginPage@f09733f]" started-at="2024-07-22T21:40:33 PKT" name="LoginWithInvalidUsernameInvalidPassword" finished-at="2024-07-22T21:40:35 PKT" duration-ms="2060" status="PASS">
          <reporter-output>
          </reporter-output>
        </test-method> <!-- LoginWithInvalidUsernameInvalidPassword -->
        <test-method is-config="true" signature="CleanUp()[pri:0, instance:Automation.test.LoginPage@f09733f]" started-at="2024-07-22T21:40:35 PKT" name="CleanUp" finished-at="2024-07-22T21:40:37 PKT" duration-ms="2262" status="PASS">
          <reporter-output>
          </reporter-output>
        </test-method> <!-- CleanUp -->
      </class> <!-- Automation.test.LoginPage -->
    </test> <!-- LoginWithInvalidUsernameInvalidPassword -->
    <test started-at="2024-07-22T21:40:37 PKT" name="LoginWithvalidUsernameInvalidPassword" finished-at="2024-07-22T21:40:53 PKT" duration-ms="15691">
      <class name="Automation.test.LoginPage">
        <test-method is-config="true" signature="setUp()[pri:0, instance:Automation.test.LoginPage@41a0aa7d]" started-at="2024-07-22T21:40:37 PKT" name="setUp" finished-at="2024-07-22T21:40:51 PKT" duration-ms="13814" status="PASS">
          <reporter-output>
          </reporter-output>
        </test-method> <!-- setUp -->
        <test-method signature="LoginWithvalidUsernameInvalidPassword()[pri:3, instance:Automation.test.LoginPage@41a0aa7d]" started-at="2024-07-22T21:40:51 PKT" name="LoginWithvalidUsernameInvalidPassword" finished-at="2024-07-22T21:40:53 PKT" duration-ms="1600" status="PASS">
          <reporter-output>
          </reporter-output>
        </test-method> <!-- LoginWithvalidUsernameInvalidPassword -->
        <test-method is-config="true" signature="CleanUp()[pri:0, instance:Automation.test.LoginPage@41a0aa7d]" started-at="2024-07-22T21:40:53 PKT" name="CleanUp" finished-at="2024-07-22T21:40:53 PKT" duration-ms="271" status="PASS">
          <reporter-output>
          </reporter-output>
        </test-method> <!-- CleanUp -->
      </class> <!-- Automation.test.LoginPage -->
    </test> <!-- LoginWithvalidUsernameInvalidPassword -->
    <test started-at="2024-07-22T21:40:53 PKT" name="LoginWithInvalidUsernamevalidPassword" finished-at="2024-07-22T21:41:11 PKT" duration-ms="17980">
      <class name="Automation.test.LoginPage">
        <test-method is-config="true" signature="setUp()[pri:0, instance:Automation.test.LoginPage@45099dd3]" started-at="2024-07-22T21:40:53 PKT" name="setUp" finished-at="2024-07-22T21:41:09 PKT" duration-ms="16260" status="PASS">
          <reporter-output>
          </reporter-output>
        </test-method> <!-- setUp -->
        <test-method signature="LoginWithInvalidUsernamevalidPassword()[pri:4, instance:Automation.test.LoginPage@45099dd3]" started-at="2024-07-22T21:41:09 PKT" name="LoginWithInvalidUsernamevalidPassword" finished-at="2024-07-22T21:41:11 PKT" duration-ms="1500" status="PASS">
          <reporter-output>
          </reporter-output>
        </test-method> <!-- LoginWithInvalidUsernamevalidPassword -->
        <test-method is-config="true" signature="CleanUp()[pri:0, instance:Automation.test.LoginPage@45099dd3]" started-at="2024-07-22T21:41:11 PKT" name="CleanUp" finished-at="2024-07-22T21:41:11 PKT" duration-ms="220" status="PASS">
          <reporter-output>
          </reporter-output>
        </test-method> <!-- CleanUp -->
      </class> <!-- Automation.test.LoginPage -->
    </test> <!-- LoginWithInvalidUsernamevalidPassword -->
  </suite> <!-- Login Test Cases -->
</testng-results>
